<?xml version="1.0" encoding="UTF-8"?>
<testsuite name="org.spring.genericcontroller.GenericControllerApplicationTests" tests="1" skipped="0" failures="0" errors="0" timestamp="2021-09-16T10:38:52" hostname="C02VN5QPHTD6" time="0.205">
  <properties/>
  <testcase name="contextLoads()" classname="org.spring.genericcontroller.GenericControllerApplicationTests" time="0.205"/>
  <system-out><![CDATA[16:08:49.445 [Test worker] DEBUG org.springframework.test.context.BootstrapUtils - Instantiating CacheAwareContextLoaderDelegate from class [org.springframework.test.context.cache.DefaultCacheAwareContextLoaderDelegate]
16:08:49.457 [Test worker] DEBUG org.springframework.test.context.BootstrapUtils - Instantiating BootstrapContext using constructor [public org.springframework.test.context.support.DefaultBootstrapContext(java.lang.Class,org.springframework.test.context.CacheAwareContextLoaderDelegate)]
16:08:49.487 [Test worker] DEBUG org.springframework.test.context.BootstrapUtils - Instantiating TestContextBootstrapper for test class [org.spring.genericcontroller.GenericControllerApplicationTests] from class [org.springframework.boot.test.context.SpringBootTestContextBootstrapper]
16:08:49.499 [Test worker] INFO org.springframework.boot.test.context.SpringBootTestContextBootstrapper - Neither @ContextConfiguration nor @ContextHierarchy found for test class [org.spring.genericcontroller.GenericControllerApplicationTests], using SpringBootContextLoader
16:08:49.510 [Test worker] DEBUG org.springframework.test.context.support.AbstractContextLoader - Did not detect default resource location for test class [org.spring.genericcontroller.GenericControllerApplicationTests]: class path resource [org/spring/genericcontroller/GenericControllerApplicationTests-context.xml] does not exist
16:08:49.510 [Test worker] DEBUG org.springframework.test.context.support.AbstractContextLoader - Did not detect default resource location for test class [org.spring.genericcontroller.GenericControllerApplicationTests]: class path resource [org/spring/genericcontroller/GenericControllerApplicationTestsContext.groovy] does not exist
16:08:49.510 [Test worker] INFO org.springframework.test.context.support.AbstractContextLoader - Could not detect default resource locations for test class [org.spring.genericcontroller.GenericControllerApplicationTests]: no resource found for suffixes {-context.xml, Context.groovy}.
16:08:49.511 [Test worker] INFO org.springframework.test.context.support.AnnotationConfigContextLoaderUtils - Could not detect default configuration classes for test class [org.spring.genericcontroller.GenericControllerApplicationTests]: GenericControllerApplicationTests does not declare any static, non-private, non-final, nested classes annotated with @Configuration.
16:08:49.554 [Test worker] DEBUG org.springframework.test.context.support.ActiveProfilesUtils - Could not find an 'annotation declaring class' for annotation type [org.springframework.test.context.ActiveProfiles] and class [org.spring.genericcontroller.GenericControllerApplicationTests]
16:08:49.599 [Test worker] DEBUG org.springframework.context.annotation.ClassPathScanningCandidateComponentProvider - Identified candidate component class: file [/Users/Z0046C5/myspace/spring-apps/generic-controller/build/classes/java/main/org/spring/genericcontroller/GenericControllerApplication.class]
16:08:49.600 [Test worker] INFO org.springframework.boot.test.context.SpringBootTestContextBootstrapper - Found @SpringBootConfiguration org.spring.genericcontroller.GenericControllerApplication for test class org.spring.genericcontroller.GenericControllerApplicationTests
16:08:49.682 [Test worker] DEBUG org.springframework.boot.test.context.SpringBootTestContextBootstrapper - @TestExecutionListeners is not present for class [org.spring.genericcontroller.GenericControllerApplicationTests]: using defaults.
16:08:49.683 [Test worker] INFO org.springframework.boot.test.context.SpringBootTestContextBootstrapper - Loaded default TestExecutionListener class names from location [META-INF/spring.factories]: [org.springframework.boot.test.autoconfigure.restdocs.RestDocsTestExecutionListener, org.springframework.boot.test.autoconfigure.web.client.MockRestServiceServerResetTestExecutionListener, org.springframework.boot.test.autoconfigure.web.servlet.MockMvcPrintOnlyOnFailureTestExecutionListener, org.springframework.boot.test.autoconfigure.web.servlet.WebDriverTestExecutionListener, org.springframework.boot.test.autoconfigure.webservices.client.MockWebServiceServerTestExecutionListener, org.springframework.boot.test.mock.mockito.MockitoTestExecutionListener, org.springframework.boot.test.mock.mockito.ResetMocksTestExecutionListener, org.springframework.test.context.web.ServletTestExecutionListener, org.springframework.test.context.support.DirtiesContextBeforeModesTestExecutionListener, org.springframework.test.context.event.ApplicationEventsTestExecutionListener, org.springframework.test.context.support.DependencyInjectionTestExecutionListener, org.springframework.test.context.support.DirtiesContextTestExecutionListener, org.springframework.test.context.transaction.TransactionalTestExecutionListener, org.springframework.test.context.jdbc.SqlScriptsTestExecutionListener, org.springframework.test.context.event.EventPublishingTestExecutionListener]
16:08:49.702 [Test worker] INFO org.springframework.boot.test.context.SpringBootTestContextBootstrapper - Using TestExecutionListeners: [org.springframework.test.context.web.ServletTestExecutionListener@794a8f64, org.springframework.test.context.support.DirtiesContextBeforeModesTestExecutionListener@32424761, org.springframework.test.context.event.ApplicationEventsTestExecutionListener@887062b, org.springframework.boot.test.mock.mockito.MockitoTestExecutionListener@5ead5f80, org.springframework.boot.test.autoconfigure.SpringBootDependencyInjectionTestExecutionListener@7331da9e, org.springframework.test.context.support.DirtiesContextTestExecutionListener@5368e2d6, org.springframework.test.context.transaction.TransactionalTestExecutionListener@63ee00ce, org.springframework.test.context.jdbc.SqlScriptsTestExecutionListener@570b026c, org.springframework.test.context.event.EventPublishingTestExecutionListener@2a13d739, org.springframework.boot.test.autoconfigure.restdocs.RestDocsTestExecutionListener@3e79feff, org.springframework.boot.test.autoconfigure.web.client.MockRestServiceServerResetTestExecutionListener@2d82618e, org.springframework.boot.test.autoconfigure.web.servlet.MockMvcPrintOnlyOnFailureTestExecutionListener@22151e30, org.springframework.boot.test.autoconfigure.web.servlet.WebDriverTestExecutionListener@160bbf54, org.springframework.boot.test.autoconfigure.webservices.client.MockWebServiceServerTestExecutionListener@6774356c, org.springframework.boot.test.mock.mockito.ResetMocksTestExecutionListener@59c4b61d]
16:08:49.706 [Test worker] DEBUG org.springframework.test.context.support.AbstractDirtiesContextTestExecutionListener - Before test class: context [DefaultTestContext@260ee55 testClass = GenericControllerApplicationTests, testInstance = [null], testMethod = [null], testException = [null], mergedContextConfiguration = [WebMergedContextConfiguration@4ca23a93 testClass = GenericControllerApplicationTests, locations = '{}', classes = '{class org.spring.genericcontroller.GenericControllerApplication}', contextInitializerClasses = '[]', activeProfiles = '{}', propertySourceLocations = '{}', propertySourceProperties = '{org.springframework.boot.test.context.SpringBootTestContextBootstrapper=true}', contextCustomizers = set[org.springframework.boot.test.autoconfigure.actuate.metrics.MetricsExportContextCustomizerFactory$DisableMetricExportContextCustomizer@684e0d7f, org.springframework.boot.test.autoconfigure.properties.PropertyMappingContextCustomizer@0, org.springframework.boot.test.autoconfigure.web.servlet.WebDriverContextCustomizerFactory$Customizer@34675e2d, org.springframework.boot.test.context.filter.ExcludeFilterContextCustomizer@68d7329b, org.springframework.boot.test.json.DuplicateJsonObjectContextCustomizerFactory$DuplicateJsonObjectContextCustomizer@58aedd95, org.springframework.boot.test.mock.mockito.MockitoContextCustomizer@0, org.springframework.boot.test.web.client.TestRestTemplateContextCustomizer@2abafafc, org.springframework.boot.test.context.SpringBootTestArgs@1, org.springframework.boot.test.context.SpringBootTestWebEnvironment@22733de], resourceBasePath = 'src/main/webapp', contextLoader = 'org.springframework.boot.test.context.SpringBootContextLoader', parent = [null]], attributes = map['org.springframework.test.context.web.ServletTestExecutionListener.activateListener' -> true]], class annotated with @DirtiesContext [false] with mode [null].
16:08:49.732 [Test worker] DEBUG org.springframework.test.context.support.TestPropertySourceUtils - Adding inlined properties to environment: {spring.jmx.enabled=false, org.springframework.boot.test.context.SpringBootTestContextBootstrapper=true}

  .   ____          _            __ _ _
 /\\ / ___'_ __ _ _(_)_ __  __ _ \ \ \ \
( ( )\___ | '_ | '_| | '_ \/ _` | \ \ \ \
 \\/  ___)| |_)| | | | | || (_| |  ) ) ) )
  '  |____| .__|_| |_|_| |_\__, | / / / /
 =========|_|==============|___/=/_/_/_/
 :: Spring Boot ::                (v2.5.4)

2021-09-16 16:08:49.964  INFO 88573 --- [    Test worker] o.s.g.GenericControllerApplicationTests  : Starting GenericControllerApplicationTests using Java 11.0.9 on C02VN5QPHTD6 with PID 88573 (started by Z0046C5 in /Users/Z0046C5/myspace/spring-apps/generic-controller)
2021-09-16 16:08:49.966  INFO 88573 --- [    Test worker] o.s.g.GenericControllerApplicationTests  : No active profile set, falling back to default profiles: default
2021-09-16 16:08:50.539  INFO 88573 --- [    Test worker] .s.d.r.c.RepositoryConfigurationDelegate : Bootstrapping Spring Data JPA repositories in DEFAULT mode.
2021-09-16 16:08:50.550  INFO 88573 --- [    Test worker] .s.d.r.c.RepositoryConfigurationDelegate : Finished Spring Data repository scanning in 4 ms. Found 0 JPA repository interfaces.
2021-09-16 16:08:50.990  INFO 88573 --- [    Test worker] com.zaxxer.hikari.HikariDataSource       : HikariPool-1 - Starting...
2021-09-16 16:08:51.150  INFO 88573 --- [    Test worker] com.zaxxer.hikari.HikariDataSource       : HikariPool-1 - Start completed.
2021-09-16 16:08:51.216  INFO 88573 --- [    Test worker] o.hibernate.jpa.internal.util.LogHelper  : HHH000204: Processing PersistenceUnitInfo [name: default]
2021-09-16 16:08:51.275  INFO 88573 --- [    Test worker] org.hibernate.Version                    : HHH000412: Hibernate ORM core version 5.4.32.Final
2021-09-16 16:08:51.411  INFO 88573 --- [    Test worker] o.hibernate.annotations.common.Version   : HCANN000001: Hibernate Commons Annotations {5.1.2.Final}
2021-09-16 16:08:51.533  INFO 88573 --- [    Test worker] org.hibernate.dialect.Dialect            : HHH000400: Using dialect: org.hibernate.dialect.H2Dialect
2021-09-16 16:08:51.733  INFO 88573 --- [    Test worker] o.h.e.t.j.p.i.JtaPlatformInitiator       : HHH000490: Using JtaPlatform implementation: [org.hibernate.engine.transaction.jta.platform.internal.NoJtaPlatform]
2021-09-16 16:08:51.742  INFO 88573 --- [    Test worker] j.LocalContainerEntityManagerFactoryBean : Initialized JPA EntityManagerFactory for persistence unit 'default'
2021-09-16 16:08:51.941  WARN 88573 --- [    Test worker] JpaBaseConfiguration$JpaWebConfiguration : spring.jpa.open-in-view is enabled by default. Therefore, database queries may be performed during view rendering. Explicitly configure spring.jpa.open-in-view to disable this warning
2021-09-16 16:08:52.441  INFO 88573 --- [    Test worker] o.s.g.GenericControllerApplicationTests  : Started GenericControllerApplicationTests in 2.701 seconds (JVM running for 3.823)
]]></system-out>
  <system-err><![CDATA[]]></system-err>
</testsuite>
